INFO:root:11:54:15 2020-07-11
INFO:root:Login.
INFO:root:Status code: 200
INFO:root:Session id: B37A4D68F965F4F657A6F3088586BF5E.prod_a_113_4
INFO:root:11:54:41 2020-07-11
INFO:root:Login.
INFO:root:Status code: 200
INFO:root:Session id: 3679E643F805756AD71462CF00C600C2.prod_a_113_4
INFO:root:11:54:41 2020-07-11
INFO:root:Login.
INFO:root:Status code: 200
INFO:root:Session id: A6AEF58DC35340CAA52203D7155EEA92.prod_a_113_4
INFO:root:11:54:41 2020-07-11
INFO:root:Login.
INFO:root:Status code: 200
INFO:root:Session id: F493F9D8A5EAA4AD51F1A920A3B9048F.prod_a_113_4
INFO:root:11:54:42 2020-07-11
INFO:root:Login.
INFO:root:Status code: 200
INFO:root:Session id: 12ADB2A82B9738FB94083CFAA165A113.prod_a_113_4
INFO:root:11:54:42 2020-07-11
INFO:root:Login.
INFO:root:Status code: 200
INFO:root:Session id: 97F07C58B94C3983F4037DA1BAFFC8D6.prod_a_113_4
INFO:root:11:54:42 2020-07-11
INFO:root:Login.
INFO:root:Status code: 200
INFO:root:Session id: 8AAEFA639310E77FE84BD8483DA12B83.prod_a_113_4
INFO:root:11:54:42 2020-07-11
INFO:root:Login.
INFO:root:Status code: 200
INFO:root:Session id: CD03D277ED4C44AFDBAB6B4DA4D56F4A.prod_a_113_4
INFO:root:11:54:43 2020-07-11
INFO:root:Login.
INFO:root:Status code: 200
INFO:root:Session id: 4B26A198849EBF33A3F00F1220644EE3.prod_a_113_4
INFO:root:11:54:43 2020-07-11
INFO:root:Login.
INFO:root:Status code: 200
INFO:root:Session id: 41F9B2A4E3F27849A3162DBE09A57D53.prod_a_113_4
INFO:root:11:54:43 2020-07-11
INFO:root:Login.
INFO:root:Status code: 200
INFO:root:Session id: 94B8847F8DF343D4A48489F48E72AC1A.prod_a_113_4
INFO:root:11:54:44 2020-07-11
INFO:root:Login.
INFO:root:Status code: 200
INFO:root:Session id: 6F1687EE39B7E120F9CACA6C036FA943.prod_a_113_4
INFO:root:11:54:44 2020-07-11
INFO:root:Login.
INFO:root:Status code: 200
INFO:root:Session id: 92C27750578596EB251660587B36F43C.prod_a_113_4
INFO:root:11:54:45 2020-07-11
INFO:root:Login.
INFO:root:Status code: 200
INFO:root:Session id: 0B4847BC8CF55BDA4A5D8BC901D5061E.prod_a_113_4
INFO:root:11:54:45 2020-07-11
INFO:root:Login.
INFO:root:Status code: 200
INFO:root:Session id: 466DA5D61167B8B89EDA2A6EA3344C22.prod_a_113_4
INFO:root:11:54:45 2020-07-11
INFO:root:Login.
INFO:root:Status code: 200
INFO:root:Session id: C178804E1CC68DD9A8275EAE411F14A0.prod_a_113_4
INFO:root:11:54:46 2020-07-11
INFO:root:Login.
INFO:root:Status code: 200
INFO:root:Session id: 865A81C28630CA46A65FC8CD8C4A0F34.prod_a_113_4
INFO:root:11:54:46 2020-07-11
INFO:root:Login.
INFO:root:Status code: 200
INFO:root:Session id: DF844B8CE24EEA77BC23340B53605A92.prod_a_113_4
INFO:root:11:54:46 2020-07-11
INFO:root:Login.
INFO:root:Status code: 200
INFO:root:Session id: 050B90FC23BD57A9EFE2FCC8C8D85AFD.prod_a_113_4
INFO:root:11:54:47 2020-07-11
INFO:root:Login.
INFO:root:Status code: 200
INFO:root:Session id: EBA691993CB42D29A18CF5BA73ADC823.prod_a_113_4
INFO:root:11:54:48 2020-07-11
INFO:root:Login.
INFO:root:Status code: 200
INFO:root:Session id: FC8DC422E9CB16DF237F8C2AB9C59D78.prod_a_113_4
INFO:root:11:54:48 2020-07-11
INFO:root:Login.
INFO:root:Status code: 200
INFO:root:Session id: DEABD0F9300A2854D580ECC829F5006C.prod_a_113_4
INFO:root:11:54:49 2020-07-11
INFO:root:Login.
INFO:root:Status code: 200
INFO:root:Session id: 5D0114B41B5F9C5AC6D809D95C23C69B.prod_a_113_4
